1616025214309	geckodriver	INFO	Listening on 127.0.0.1:52088
1616025215365	mozrunner::runner	INFO	Running command: "C:\\Program Files\\Mozilla Firefox\\firefox.exe" "--marionette" "-foreground" "-no-remote" "-profile" "C:\\Users\\hp\\AppData\\Local\\Temp\\rust_mozprofileXjBuXv"
console.warn: SearchSettings: "get: No settings file exists, new profile?" (new Error("", "(unknown module)"))
[Parent 14880, IPC I/O Parent] WARNING: file /builds/worker/checkouts/gecko/ipc/chromium/src/base/process_util_win.cc:167
1616025229962	Marionette	INFO	Listening on port 52104
1616025230112	Marionette	WARN	TLS certificate errors will be ignored for this session
console.warn: LoginRecipes: "getRecipes: falling back to a synchronous message for:" "https://candidature.1337.ma"
JavaScript error: resource://devtools/client/inspector/rules/utils/utils.js, line 192: TypeError: rule is undefined
console.error: "isValidHoverTarget rejected with unexpected reason:"
console.error: (new TypeError("rule is undefined", "resource://devtools/client/inspector/rules/utils/utils.js", 192))
console.error: "isValidHoverTarget rejected with unexpected reason:"
console.error: (new TypeError("rule is undefined", "resource://devtools/client/inspector/rules/utils/utils.js", 192))
JavaScript error: resource://devtools/client/inspector/rules/utils/utils.js, line 192: TypeError: rule is undefined
JavaScript error: resource://devtools/client/inspector/rules/utils/utils.js, line 192: TypeError: rule is undefined
1616025521433	geckodriver	INFO	Listening on 127.0.0.1:52251
1616025522423	mozrunner::runner	INFO	Running command: "C:\\Program Files\\Mozilla Firefox\\firefox.exe" "--marionette" "-foreground" "-no-remote" "-profile" "C:\\Users\\hp\\AppData\\Local\\Temp\\rust_mozprofiles1sVEr"
console.warn: SearchSettings: "get: No settings file exists, new profile?" (new Error("", "(unknown module)"))
1616025527880	Marionette	INFO	Listening on port 52266
1616025528201	Marionette	WARN	TLS certificate errors will be ignored for this session
1616025533233	Marionette	INFO	Stopped listening on port 52266

###!!! [Child][RunMessage] Error: Channel closing: too late to send/recv, messages will be lost

console.warn: LoginRecipes: "getRecipes: falling back to a synchronous message for:" "https://candidature.1337.ma"
console.warn: services.settings: main/cfr sync interrupted by shutdown
console.warn: services.settings: main/top-sites sync interrupted by shutdown
console.warn: services.settings: main/whats-new-panel sync interrupted by shutdown
console.warn: services.settings: main/cfr-fxa sync interrupted by shutdown
console.warn: services.settings: security-state/onecrl sync interrupted by shutdown
console.warn: services.settings: main/search-config sync interrupted by shutdown
console.warn: services.settings: main/search-telemetry sync interrupted by shutdown
console.warn: services.settings: main/pioneer-study-addons-v1 sync interrupted by shutdown
console.warn: services.settings: main/url-classifier-skip-urls sync interrupted by shutdown
console.warn: services.settings: blocklists/gfx sync interrupted by shutdown
console.warn: services.settings: main/hijack-blocklists sync interrupted by shutdown
console.warn: services.settings: blocklists/plugins sync interrupted by shutdown
1616025615388	Marionette	INFO	Stopped listening on port 52104

###!!! [Child][RunMessage] Error: Channel closing: too late to send/recv, messages will be lost

1616025617074	geckodriver	INFO	Listening on 127.0.0.1:52366
1616025618091	mozrunner::runner	INFO	Running command: "C:\\Program Files\\Mozilla Firefox\\firefox.exe" "--marionette" "-foreground" "-no-remote" "-profile" "C:\\Users\\hp\\AppData\\Local\\Temp\\rust_mozprofileTM3REU"
console.warn: SearchSettings: "get: No settings file exists, new profile?" (new Error("", "(unknown module)"))
1616025622987	Marionette	INFO	Listening on port 52379
1616025623355	Marionette	WARN	TLS certificate errors will be ignored for this session
1616025631150	Marionette	INFO	Stopped listening on port 52379

###!!! [Child][RunMessage] Error: Channel closing: too late to send/recv, messages will be lost

1616025635382	geckodriver	INFO	Listening on 127.0.0.1:52439
1616025636403	mozrunner::runner	INFO	Running command: "C:\\Program Files\\Mozilla Firefox\\firefox.exe" "--marionette" "-foreground" "-no-remote" "-profile" "C:\\Users\\hp\\AppData\\Local\\Temp\\rust_mozprofileURoKxi"
console.warn: SearchSettings: "get: No settings file exists, new profile?" (new Error("", "(unknown module)"))
1616025640919	Marionette	INFO	Listening on port 52452
1616025641179	Marionette	WARN	TLS certificate errors will be ignored for this session
1616025843314	geckodriver	INFO	Listening on 127.0.0.1:52564
1616025844321	mozrunner::runner	INFO	Running command: "C:\\Program Files\\Mozilla Firefox\\firefox.exe" "--marionette" "-foreground" "-no-remote" "-profile" "C:\\Users\\hp\\AppData\\Local\\Temp\\rust_mozprofilen6HNBz"
console.warn: SearchSettings: "get: No settings file exists, new profile?" (new Error("", "(unknown module)"))
1616025849294	Marionette	INFO	Listening on port 52577
1616025849599	Marionette	WARN	TLS certificate errors will be ignored for this session

###!!! [Child][RunMessage] Error: Channel closing: too late to send/recv, messages will be lost

1616025919767	Marionette	INFO	Stopped listening on port 52577
1616025919867	Marionette	INFO	Stopped listening on port 52452

###!!! [Child][RunMessage] Error: Channel closing: too late to send/recv, messages will be lost


###!!! [Child][RunMessage] Error: Channel closing: too late to send/recv, messages will be lost

1616025933226	geckodriver	INFO	Listening on 127.0.0.1:52650
1616025934239	mozrunner::runner	INFO	Running command: "C:\\Program Files\\Mozilla Firefox\\firefox.exe" "--marionette" "-foreground" "-no-remote" "-profile" "C:\\Users\\hp\\AppData\\Local\\Temp\\rust_mozprofilexVDqEy"
console.warn: SearchSettings: "get: No settings file exists, new profile?" (new Error("", "(unknown module)"))
1616025938790	Marionette	INFO	Listening on port 52663
1616025939023	Marionette	WARN	TLS certificate errors will be ignored for this session
1616026583462	geckodriver	INFO	Listening on 127.0.0.1:52883
1616026584475	mozrunner::runner	INFO	Running command: "C:\\Program Files\\Mozilla Firefox\\firefox.exe" "--marionette" "-foreground" "-no-remote" "-profile" "C:\\Users\\hp\\AppData\\Local\\Temp\\rust_mozprofilec9qG10"
console.warn: SearchSettings: "get: No settings file exists, new profile?" (new Error("", "(unknown module)"))
1616026589357	Marionette	INFO	Listening on port 52896
1616026589786	Marionette	WARN	TLS certificate errors will be ignored for this session
1616026593315	Marionette	INFO	Stopped listening on port 52896

###!!! [Child][RunMessage] Error: Channel closing: too late to send/recv, messages will be lost

1616026643118	Marionette	INFO	Stopped listening on port 52663

###!!! [Child][RunMessage] Error: Channel closing: too late to send/recv, messages will be lost

1616026646259	geckodriver	INFO	Listening on 127.0.0.1:52960
1616026647281	mozrunner::runner	INFO	Running command: "C:\\Program Files\\Mozilla Firefox\\firefox.exe" "--marionette" "-foreground" "-no-remote" "-profile" "C:\\Users\\hp\\AppData\\Local\\Temp\\rust_mozprofileBlnIZa"
console.warn: SearchSettings: "get: No settings file exists, new profile?" (new Error("", "(unknown module)"))
1616026652038	Marionette	INFO	Listening on port 52974
1616026652573	Marionette	WARN	TLS certificate errors will be ignored for this session
1616026659706	Marionette	INFO	Stopped listening on port 52974

###!!! [Child][RunMessage] Error: Channel closing: too late to send/recv, messages will be lost

